[0.468s] Invoking command in '/home/will/ros2_ws/src/ur3e-codebase': PYTHONPATH=/home/will/ros2_ws/src/ur3e-codebase/build/ur3e_control_package/prefix_override:/home/will/ros2_ws/src/ur3e-codebase/install/ur3e_control_package/lib/python3.10/site-packages:${PYTHONPATH} /usr/bin/python3 -W ignore:setup.py install is deprecated setup.py egg_info --egg-base build/ur3e_control_package build --build-base /home/will/ros2_ws/src/ur3e-codebase/build/ur3e_control_package/build install --record /home/will/ros2_ws/src/ur3e-codebase/build/ur3e_control_package/install.log --single-version-externally-managed install_data
[0.632s] running egg_info
[0.633s] creating build/ur3e_control_package/ur3e_control_package.egg-info
[0.633s] writing build/ur3e_control_package/ur3e_control_package.egg-info/PKG-INFO
[0.634s] writing dependency_links to build/ur3e_control_package/ur3e_control_package.egg-info/dependency_links.txt
[0.634s] writing entry points to build/ur3e_control_package/ur3e_control_package.egg-info/entry_points.txt
[0.634s] writing requirements to build/ur3e_control_package/ur3e_control_package.egg-info/requires.txt
[0.634s] writing top-level names to build/ur3e_control_package/ur3e_control_package.egg-info/top_level.txt
[0.634s] writing manifest file 'build/ur3e_control_package/ur3e_control_package.egg-info/SOURCES.txt'
[0.635s] reading manifest file 'build/ur3e_control_package/ur3e_control_package.egg-info/SOURCES.txt'
[0.635s] adding license file 'LICENSE'
[0.636s] writing manifest file 'build/ur3e_control_package/ur3e_control_package.egg-info/SOURCES.txt'
[0.636s] running build
[0.636s] running build_py
[0.636s] creating /home/will/ros2_ws/src/ur3e-codebase/build/ur3e_control_package/build
[0.636s] creating /home/will/ros2_ws/src/ur3e-codebase/build/ur3e_control_package/build/lib
[0.636s] creating /home/will/ros2_ws/src/ur3e-codebase/build/ur3e_control_package/build/lib/ur3e_control_package
[0.636s] copying ur3e_control_package/test.py -> /home/will/ros2_ws/src/ur3e-codebase/build/ur3e_control_package/build/lib/ur3e_control_package
[0.636s] copying ur3e_control_package/initials_demo.py -> /home/will/ros2_ws/src/ur3e-codebase/build/ur3e_control_package/build/lib/ur3e_control_package
[0.637s] copying ur3e_control_package/7-30.py -> /home/will/ros2_ws/src/ur3e-codebase/build/ur3e_control_package/build/lib/ur3e_control_package
[0.637s] copying ur3e_control_package/__init__.py -> /home/will/ros2_ws/src/ur3e-codebase/build/ur3e_control_package/build/lib/ur3e_control_package
[0.637s] copying ur3e_control_package/7-24.py -> /home/will/ros2_ws/src/ur3e-codebase/build/ur3e_control_package/build/lib/ur3e_control_package
[0.638s] copying ur3e_control_package/move_command.py -> /home/will/ros2_ws/src/ur3e-codebase/build/ur3e_control_package/build/lib/ur3e_control_package
[0.638s] copying ur3e_control_package/6-25.py -> /home/will/ros2_ws/src/ur3e-codebase/build/ur3e_control_package/build/lib/ur3e_control_package
[0.638s] copying ur3e_control_package/spawn_entities.py -> /home/will/ros2_ws/src/ur3e-codebase/build/ur3e_control_package/build/lib/ur3e_control_package
[0.639s] copying ur3e_control_package/move_robot_moveit2.py -> /home/will/ros2_ws/src/ur3e-codebase/build/ur3e_control_package/build/lib/ur3e_control_package
[0.639s] running install
[0.639s] running install_lib
[0.640s] creating /home/will/ros2_ws/src/ur3e-codebase/install/ur3e_control_package/lib/python3.10/site-packages/ur3e_control_package
[0.640s] copying /home/will/ros2_ws/src/ur3e-codebase/build/ur3e_control_package/build/lib/ur3e_control_package/test.py -> /home/will/ros2_ws/src/ur3e-codebase/install/ur3e_control_package/lib/python3.10/site-packages/ur3e_control_package
[0.640s] copying /home/will/ros2_ws/src/ur3e-codebase/build/ur3e_control_package/build/lib/ur3e_control_package/initials_demo.py -> /home/will/ros2_ws/src/ur3e-codebase/install/ur3e_control_package/lib/python3.10/site-packages/ur3e_control_package
[0.641s] copying /home/will/ros2_ws/src/ur3e-codebase/build/ur3e_control_package/build/lib/ur3e_control_package/7-30.py -> /home/will/ros2_ws/src/ur3e-codebase/install/ur3e_control_package/lib/python3.10/site-packages/ur3e_control_package
[0.641s] copying /home/will/ros2_ws/src/ur3e-codebase/build/ur3e_control_package/build/lib/ur3e_control_package/__init__.py -> /home/will/ros2_ws/src/ur3e-codebase/install/ur3e_control_package/lib/python3.10/site-packages/ur3e_control_package
[0.641s] copying /home/will/ros2_ws/src/ur3e-codebase/build/ur3e_control_package/build/lib/ur3e_control_package/7-24.py -> /home/will/ros2_ws/src/ur3e-codebase/install/ur3e_control_package/lib/python3.10/site-packages/ur3e_control_package
[0.641s] copying /home/will/ros2_ws/src/ur3e-codebase/build/ur3e_control_package/build/lib/ur3e_control_package/move_command.py -> /home/will/ros2_ws/src/ur3e-codebase/install/ur3e_control_package/lib/python3.10/site-packages/ur3e_control_package
[0.641s] copying /home/will/ros2_ws/src/ur3e-codebase/build/ur3e_control_package/build/lib/ur3e_control_package/6-25.py -> /home/will/ros2_ws/src/ur3e-codebase/install/ur3e_control_package/lib/python3.10/site-packages/ur3e_control_package
[0.641s] copying /home/will/ros2_ws/src/ur3e-codebase/build/ur3e_control_package/build/lib/ur3e_control_package/spawn_entities.py -> /home/will/ros2_ws/src/ur3e-codebase/install/ur3e_control_package/lib/python3.10/site-packages/ur3e_control_package
[0.641s] copying /home/will/ros2_ws/src/ur3e-codebase/build/ur3e_control_package/build/lib/ur3e_control_package/move_robot_moveit2.py -> /home/will/ros2_ws/src/ur3e-codebase/install/ur3e_control_package/lib/python3.10/site-packages/ur3e_control_package
[0.641s] byte-compiling /home/will/ros2_ws/src/ur3e-codebase/install/ur3e_control_package/lib/python3.10/site-packages/ur3e_control_package/test.py to test.cpython-310.pyc
[0.642s] byte-compiling /home/will/ros2_ws/src/ur3e-codebase/install/ur3e_control_package/lib/python3.10/site-packages/ur3e_control_package/initials_demo.py to initials_demo.cpython-310.pyc
[0.643s] byte-compiling /home/will/ros2_ws/src/ur3e-codebase/install/ur3e_control_package/lib/python3.10/site-packages/ur3e_control_package/7-30.py to 7-30.cpython-310.pyc
[0.645s] byte-compiling /home/will/ros2_ws/src/ur3e-codebase/install/ur3e_control_package/lib/python3.10/site-packages/ur3e_control_package/__init__.py to __init__.cpython-310.pyc
[0.645s] byte-compiling /home/will/ros2_ws/src/ur3e-codebase/install/ur3e_control_package/lib/python3.10/site-packages/ur3e_control_package/7-24.py to 7-24.cpython-310.pyc
[0.646s] byte-compiling /home/will/ros2_ws/src/ur3e-codebase/install/ur3e_control_package/lib/python3.10/site-packages/ur3e_control_package/move_command.py to move_command.cpython-310.pyc
[0.648s] byte-compiling /home/will/ros2_ws/src/ur3e-codebase/install/ur3e_control_package/lib/python3.10/site-packages/ur3e_control_package/6-25.py to 6-25.cpython-310.pyc
[0.649s] byte-compiling /home/will/ros2_ws/src/ur3e-codebase/install/ur3e_control_package/lib/python3.10/site-packages/ur3e_control_package/spawn_entities.py to spawn_entities.cpython-310.pyc
[0.650s] byte-compiling /home/will/ros2_ws/src/ur3e-codebase/install/ur3e_control_package/lib/python3.10/site-packages/ur3e_control_package/move_robot_moveit2.py to move_robot_moveit2.cpython-310.pyc
[0.651s] running install_data
[0.651s] creating /home/will/ros2_ws/src/ur3e-codebase/install/ur3e_control_package/share/ament_index
[0.652s] creating /home/will/ros2_ws/src/ur3e-codebase/install/ur3e_control_package/share/ament_index/resource_index
[0.652s] creating /home/will/ros2_ws/src/ur3e-codebase/install/ur3e_control_package/share/ament_index/resource_index/packages
[0.652s] copying resource/ur3e_control_package -> /home/will/ros2_ws/src/ur3e-codebase/install/ur3e_control_package/share/ament_index/resource_index/packages
[0.653s] copying package.xml -> /home/will/ros2_ws/src/ur3e-codebase/install/ur3e_control_package/share/ur3e_control_package
[0.653s] creating /home/will/ros2_ws/src/ur3e-codebase/install/ur3e_control_package/share/ur3e_control_package/launch
[0.653s] running install_egg_info
[0.655s] Copying build/ur3e_control_package/ur3e_control_package.egg-info to /home/will/ros2_ws/src/ur3e-codebase/install/ur3e_control_package/lib/python3.10/site-packages/ur3e_control_package-0.0.0-py3.10.egg-info
[0.656s] running install_scripts
[0.672s] Installing initials_demo script to /home/will/ros2_ws/src/ur3e-codebase/install/ur3e_control_package/lib/ur3e_control_package
[0.672s] Installing move_command script to /home/will/ros2_ws/src/ur3e-codebase/install/ur3e_control_package/lib/ur3e_control_package
[0.673s] Installing spawn_entities script to /home/will/ros2_ws/src/ur3e-codebase/install/ur3e_control_package/lib/ur3e_control_package
[0.673s] writing list of installed files to '/home/will/ros2_ws/src/ur3e-codebase/build/ur3e_control_package/install.log'
[0.695s] Invoked command in '/home/will/ros2_ws/src/ur3e-codebase' returned '0': PYTHONPATH=/home/will/ros2_ws/src/ur3e-codebase/build/ur3e_control_package/prefix_override:/home/will/ros2_ws/src/ur3e-codebase/install/ur3e_control_package/lib/python3.10/site-packages:${PYTHONPATH} /usr/bin/python3 -W ignore:setup.py install is deprecated setup.py egg_info --egg-base build/ur3e_control_package build --build-base /home/will/ros2_ws/src/ur3e-codebase/build/ur3e_control_package/build install --record /home/will/ros2_ws/src/ur3e-codebase/build/ur3e_control_package/install.log --single-version-externally-managed install_data
