/home/bigchungus/ros2_iron_ws/src/move_robot/install/move_robot/lib/python3.10/site-packages/move_robot/7-24.py
/home/bigchungus/ros2_iron_ws/src/move_robot/install/move_robot/lib/python3.10/site-packages/move_robot/test.py
/home/bigchungus/ros2_iron_ws/src/move_robot/install/move_robot/lib/python3.10/site-packages/move_robot/move_command.py
/home/bigchungus/ros2_iron_ws/src/move_robot/install/move_robot/lib/python3.10/site-packages/move_robot/spawn_entities.py
/home/bigchungus/ros2_iron_ws/src/move_robot/install/move_robot/lib/python3.10/site-packages/move_robot/move_robot_moveit2.py
/home/bigchungus/ros2_iron_ws/src/move_robot/install/move_robot/lib/python3.10/site-packages/move_robot/move_robot.py
/home/bigchungus/ros2_iron_ws/src/move_robot/install/move_robot/lib/python3.10/site-packages/move_robot/__init__.py
/home/bigchungus/ros2_iron_ws/src/move_robot/install/move_robot/lib/python3.10/site-packages/move_robot/6-25.py
/home/bigchungus/ros2_iron_ws/src/move_robot/install/move_robot/lib/python3.10/site-packages/move_robot/7-30.py
/home/bigchungus/ros2_iron_ws/src/move_robot/install/move_robot/lib/python3.10/site-packages/move_robot/__pycache__/7-24.cpython-310.pyc
/home/bigchungus/ros2_iron_ws/src/move_robot/install/move_robot/lib/python3.10/site-packages/move_robot/__pycache__/test.cpython-310.pyc
/home/bigchungus/ros2_iron_ws/src/move_robot/install/move_robot/lib/python3.10/site-packages/move_robot/__pycache__/move_command.cpython-310.pyc
/home/bigchungus/ros2_iron_ws/src/move_robot/install/move_robot/lib/python3.10/site-packages/move_robot/__pycache__/spawn_entities.cpython-310.pyc
/home/bigchungus/ros2_iron_ws/src/move_robot/install/move_robot/lib/python3.10/site-packages/move_robot/__pycache__/move_robot_moveit2.cpython-310.pyc
/home/bigchungus/ros2_iron_ws/src/move_robot/install/move_robot/lib/python3.10/site-packages/move_robot/__pycache__/move_robot.cpython-310.pyc
/home/bigchungus/ros2_iron_ws/src/move_robot/install/move_robot/lib/python3.10/site-packages/move_robot/__pycache__/__init__.cpython-310.pyc
/home/bigchungus/ros2_iron_ws/src/move_robot/install/move_robot/lib/python3.10/site-packages/move_robot/__pycache__/6-25.cpython-310.pyc
/home/bigchungus/ros2_iron_ws/src/move_robot/install/move_robot/lib/python3.10/site-packages/move_robot/__pycache__/7-30.cpython-310.pyc
/home/bigchungus/ros2_iron_ws/src/move_robot/install/move_robot/share/ament_index/resource_index/packages/move_robot
/home/bigchungus/ros2_iron_ws/src/move_robot/install/move_robot/share/move_robot/package.xml
/home/bigchungus/ros2_iron_ws/src/move_robot/install/move_robot/share/move_robot/launch
/home/bigchungus/ros2_iron_ws/src/move_robot/install/move_robot/lib/python3.10/site-packages/move_robot-0.0.0-py3.10.egg-info/PKG-INFO
/home/bigchungus/ros2_iron_ws/src/move_robot/install/move_robot/lib/python3.10/site-packages/move_robot-0.0.0-py3.10.egg-info/dependency_links.txt
/home/bigchungus/ros2_iron_ws/src/move_robot/install/move_robot/lib/python3.10/site-packages/move_robot-0.0.0-py3.10.egg-info/requires.txt
/home/bigchungus/ros2_iron_ws/src/move_robot/install/move_robot/lib/python3.10/site-packages/move_robot-0.0.0-py3.10.egg-info/zip-safe
/home/bigchungus/ros2_iron_ws/src/move_robot/install/move_robot/lib/python3.10/site-packages/move_robot-0.0.0-py3.10.egg-info/top_level.txt
/home/bigchungus/ros2_iron_ws/src/move_robot/install/move_robot/lib/python3.10/site-packages/move_robot-0.0.0-py3.10.egg-info/entry_points.txt
/home/bigchungus/ros2_iron_ws/src/move_robot/install/move_robot/lib/python3.10/site-packages/move_robot-0.0.0-py3.10.egg-info/SOURCES.txt
/home/bigchungus/ros2_iron_ws/src/move_robot/install/move_robot/lib/move_robot/move_command
/home/bigchungus/ros2_iron_ws/src/move_robot/install/move_robot/lib/move_robot/move_robot
/home/bigchungus/ros2_iron_ws/src/move_robot/install/move_robot/lib/move_robot/spawn_entities
