[0.086s] DEBUG:colcon:Command line arguments: ['/usr/bin/colcon', 'build']
[0.086s] DEBUG:colcon:Parsed command line arguments: Namespace(log_base=None, log_level=None, verb_name='build', build_base='build', install_base='install', merge_install=False, symlink_install=False, test_result_base=None, continue_on_error=False, executor='parallel', parallel_workers=24, event_handlers=None, ignore_user_meta=False, metas=['./colcon.meta'], base_paths=['.'], packages_ignore=None, packages_ignore_regex=None, paths=None, packages_up_to=None, packages_up_to_regex=None, packages_above=None, packages_above_and_dependencies=None, packages_above_depth=None, packages_select_by_dep=None, packages_skip_by_dep=None, packages_skip_up_to=None, packages_select_build_failed=False, packages_skip_build_finished=False, packages_select_test_failures=False, packages_skip_test_passed=False, packages_select=None, packages_skip=None, packages_select_regex=None, packages_skip_regex=None, packages_start=None, packages_end=None, allow_overriding=[], cmake_args=None, cmake_target=None, cmake_target_skip_unavailable=False, cmake_clean_cache=False, cmake_clean_first=False, cmake_force_configure=False, ament_cmake_args=None, catkin_cmake_args=None, catkin_skip_building_tests=False, mixin_files=None, mixin=None, verb_parser=<colcon_mixin.mixin.mixin_argument.MixinArgumentDecorator object at 0x7f9478793580>, verb_extension=<colcon_core.verb.build.BuildVerb object at 0x7f9478792f80>, main=<bound method BuildVerb.main of <colcon_core.verb.build.BuildVerb object at 0x7f9478792f80>>, mixin_verb=('build',))
[0.171s] Level 1:colcon.colcon_core.package_discovery:discover_packages(colcon_meta) check parameters
[0.171s] Level 1:colcon.colcon_core.package_discovery:discover_packages(recursive) check parameters
[0.171s] Level 1:colcon.colcon_core.package_discovery:discover_packages(ignore) check parameters
[0.171s] Level 1:colcon.colcon_core.package_discovery:discover_packages(path) check parameters
[0.171s] Level 1:colcon.colcon_core.package_discovery:discover_packages(colcon_meta) discover
[0.172s] Level 1:colcon.colcon_core.package_discovery:discover_packages(recursive) discover
[0.172s] INFO:colcon.colcon_core.package_discovery:Crawling recursively for packages in '/home/bigchungus/ros2_iron_ws/src/move_robot'
[0.172s] Level 1:colcon.colcon_core.package_identification:_identify(.) by extensions ['ignore', 'ignore_ament_install']
[0.172s] Level 1:colcon.colcon_core.package_identification:_identify(.) by extension 'ignore'
[0.172s] Level 1:colcon.colcon_core.package_identification:_identify(.) by extension 'ignore_ament_install'
[0.172s] Level 1:colcon.colcon_core.package_identification:_identify(.) by extensions ['colcon_pkg']
[0.172s] Level 1:colcon.colcon_core.package_identification:_identify(.) by extension 'colcon_pkg'
[0.172s] Level 1:colcon.colcon_core.package_identification:_identify(.) by extensions ['colcon_meta']
[0.172s] Level 1:colcon.colcon_core.package_identification:_identify(.) by extension 'colcon_meta'
[0.172s] Level 1:colcon.colcon_core.package_identification:_identify(.) by extensions ['ros']
[0.172s] Level 1:colcon.colcon_core.package_identification:_identify(.) by extension 'ros'
[0.179s] DEBUG:colcon.colcon_core.package_identification:Package '.' with type 'ros.ament_python' and name 'move_robot'
[0.179s] Level 1:colcon.colcon_core.package_discovery:discover_packages(recursive) using defaults
[0.179s] Level 1:colcon.colcon_core.package_discovery:discover_packages(ignore) discover
[0.179s] Level 1:colcon.colcon_core.package_discovery:discover_packages(ignore) using defaults
[0.179s] Level 1:colcon.colcon_core.package_discovery:discover_packages(path) discover
[0.179s] Level 1:colcon.colcon_core.package_discovery:discover_packages(path) using defaults
[0.195s] Level 1:colcon.colcon_core.package_discovery:discover_packages(prefix_path) check parameters
[0.195s] Level 1:colcon.colcon_core.package_discovery:discover_packages(prefix_path) discover
[0.196s] DEBUG:colcon.colcon_installed_package_information.package_discovery:Found 1 installed packages in /home/bigchungus/ros2_iron_ws/src/move_robot/install
[0.196s] DEBUG:colcon.colcon_installed_package_information.package_discovery:Found 4 installed packages in /home/bigchungus/ros2_iron_ws/install
[0.197s] DEBUG:colcon.colcon_installed_package_information.package_discovery:Found 349 installed packages in /opt/ros/iron
[0.197s] Level 1:colcon.colcon_core.package_discovery:discover_packages(prefix_path) using defaults
[0.220s] Level 5:colcon.colcon_core.verb:set package 'move_robot' build argument 'cmake_args' from command line to 'None'
[0.220s] Level 5:colcon.colcon_core.verb:set package 'move_robot' build argument 'cmake_target' from command line to 'None'
[0.220s] Level 5:colcon.colcon_core.verb:set package 'move_robot' build argument 'cmake_target_skip_unavailable' from command line to 'False'
[0.220s] Level 5:colcon.colcon_core.verb:set package 'move_robot' build argument 'cmake_clean_cache' from command line to 'False'
[0.220s] Level 5:colcon.colcon_core.verb:set package 'move_robot' build argument 'cmake_clean_first' from command line to 'False'
[0.220s] Level 5:colcon.colcon_core.verb:set package 'move_robot' build argument 'cmake_force_configure' from command line to 'False'
[0.220s] Level 5:colcon.colcon_core.verb:set package 'move_robot' build argument 'ament_cmake_args' from command line to 'None'
[0.220s] Level 5:colcon.colcon_core.verb:set package 'move_robot' build argument 'catkin_cmake_args' from command line to 'None'
[0.220s] Level 5:colcon.colcon_core.verb:set package 'move_robot' build argument 'catkin_skip_building_tests' from command line to 'False'
[0.220s] DEBUG:colcon.colcon_core.verb:Building package 'move_robot' with the following arguments: {'ament_cmake_args': None, 'build_base': '/home/bigchungus/ros2_iron_ws/src/move_robot/build/move_robot', 'catkin_cmake_args': None, 'catkin_skip_building_tests': False, 'cmake_args': None, 'cmake_clean_cache': False, 'cmake_clean_first': False, 'cmake_force_configure': False, 'cmake_target': None, 'cmake_target_skip_unavailable': False, 'install_base': '/home/bigchungus/ros2_iron_ws/src/move_robot/install/move_robot', 'merge_install': False, 'path': '/home/bigchungus/ros2_iron_ws/src/move_robot', 'symlink_install': False, 'test_result_base': None}
[0.220s] INFO:colcon.colcon_core.executor:Executing jobs using 'parallel' executor
[0.221s] DEBUG:colcon.colcon_parallel_executor.executor.parallel:run_until_complete
[0.221s] INFO:colcon.colcon_ros.task.ament_python.build:Building ROS package in '/home/bigchungus/ros2_iron_ws/src/move_robot' with build type 'ament_python'
[0.221s] Level 1:colcon.colcon_core.shell:create_environment_hook('move_robot', 'ament_prefix_path')
[0.223s] INFO:colcon.colcon_core.plugin_system:Skipping extension 'colcon_core.shell.bat': Not used on non-Windows systems
[0.223s] INFO:colcon.colcon_core.shell:Creating environment hook '/home/bigchungus/ros2_iron_ws/src/move_robot/install/move_robot/share/move_robot/hook/ament_prefix_path.ps1'
[0.223s] INFO:colcon.colcon_core.shell:Creating environment descriptor '/home/bigchungus/ros2_iron_ws/src/move_robot/install/move_robot/share/move_robot/hook/ament_prefix_path.dsv'
[0.224s] INFO:colcon.colcon_core.shell:Creating environment hook '/home/bigchungus/ros2_iron_ws/src/move_robot/install/move_robot/share/move_robot/hook/ament_prefix_path.sh'
[0.224s] INFO:colcon.colcon_core.shell:Skip shell extension 'powershell' for command environment: Not usable outside of PowerShell
[0.224s] DEBUG:colcon.colcon_core.shell:Skip shell extension 'dsv' for command environment
[0.354s] INFO:colcon.colcon_core.task.python.build:Building Python package in '/home/bigchungus/ros2_iron_ws/src/move_robot'
[0.355s] INFO:colcon.colcon_core.shell:Skip shell extension 'powershell' for command environment: Not usable outside of PowerShell
[0.355s] DEBUG:colcon.colcon_core.shell:Skip shell extension 'dsv' for command environment
[0.565s] DEBUG:colcon.colcon_core.event_handler.log_command:Invoking command in '/home/bigchungus/ros2_iron_ws/src/move_robot': PYTHONPATH=/home/bigchungus/ros2_iron_ws/src/move_robot/build/move_robot/prefix_override:/usr/lib/python3/dist-packages/colcon_core/task/python/colcon_distutils_commands:/home/bigchungus/ros2_iron_ws/src/move_robot/install/move_robot/lib/python3.10/site-packages:${PYTHONPATH} /usr/bin/python3 -W ignore:setup.py install is deprecated setup.py egg_info --egg-base build/move_robot build --build-base /home/bigchungus/ros2_iron_ws/src/move_robot/build/move_robot/build install --record /home/bigchungus/ros2_iron_ws/src/move_robot/build/move_robot/install.log --single-version-externally-managed install_data
[0.721s] DEBUG:colcon.colcon_core.event_handler.log_command:Invoked command in '/home/bigchungus/ros2_iron_ws/src/move_robot' returned '0': PYTHONPATH=/home/bigchungus/ros2_iron_ws/src/move_robot/build/move_robot/prefix_override:/usr/lib/python3/dist-packages/colcon_core/task/python/colcon_distutils_commands:/home/bigchungus/ros2_iron_ws/src/move_robot/install/move_robot/lib/python3.10/site-packages:${PYTHONPATH} /usr/bin/python3 -W ignore:setup.py install is deprecated setup.py egg_info --egg-base build/move_robot build --build-base /home/bigchungus/ros2_iron_ws/src/move_robot/build/move_robot/build install --record /home/bigchungus/ros2_iron_ws/src/move_robot/build/move_robot/install.log --single-version-externally-managed install_data
[0.722s] Level 1:colcon.colcon_core.environment:checking '/home/bigchungus/ros2_iron_ws/src/move_robot/install/move_robot' for CMake module files
[0.722s] Level 1:colcon.colcon_core.environment:checking '/home/bigchungus/ros2_iron_ws/src/move_robot/install/move_robot' for CMake config files
[0.723s] Level 1:colcon.colcon_core.environment:checking '/home/bigchungus/ros2_iron_ws/src/move_robot/install/move_robot/lib'
[0.723s] Level 1:colcon.colcon_core.environment:checking '/home/bigchungus/ros2_iron_ws/src/move_robot/install/move_robot/bin'
[0.723s] Level 1:colcon.colcon_core.environment:checking '/home/bigchungus/ros2_iron_ws/src/move_robot/install/move_robot/lib/pkgconfig/move_robot.pc'
[0.723s] Level 1:colcon.colcon_core.environment:checking '/home/bigchungus/ros2_iron_ws/src/move_robot/install/move_robot/lib/python3.10/site-packages'
[0.723s] Level 1:colcon.colcon_core.shell:create_environment_hook('move_robot', 'pythonpath')
[0.723s] INFO:colcon.colcon_core.shell:Creating environment hook '/home/bigchungus/ros2_iron_ws/src/move_robot/install/move_robot/share/move_robot/hook/pythonpath.ps1'
[0.723s] INFO:colcon.colcon_core.shell:Creating environment descriptor '/home/bigchungus/ros2_iron_ws/src/move_robot/install/move_robot/share/move_robot/hook/pythonpath.dsv'
[0.723s] INFO:colcon.colcon_core.shell:Creating environment hook '/home/bigchungus/ros2_iron_ws/src/move_robot/install/move_robot/share/move_robot/hook/pythonpath.sh'
[0.724s] Level 1:colcon.colcon_core.environment:checking '/home/bigchungus/ros2_iron_ws/src/move_robot/install/move_robot/bin'
[0.724s] Level 1:colcon.colcon_core.environment:create_environment_scripts_only(move_robot)
[0.724s] INFO:colcon.colcon_core.shell:Creating package script '/home/bigchungus/ros2_iron_ws/src/move_robot/install/move_robot/share/move_robot/package.ps1'
[0.724s] INFO:colcon.colcon_core.shell:Creating package descriptor '/home/bigchungus/ros2_iron_ws/src/move_robot/install/move_robot/share/move_robot/package.dsv'
[0.725s] INFO:colcon.colcon_core.shell:Creating package script '/home/bigchungus/ros2_iron_ws/src/move_robot/install/move_robot/share/move_robot/package.sh'
[0.725s] INFO:colcon.colcon_core.shell:Creating package script '/home/bigchungus/ros2_iron_ws/src/move_robot/install/move_robot/share/move_robot/package.bash'
[0.725s] INFO:colcon.colcon_core.shell:Creating package script '/home/bigchungus/ros2_iron_ws/src/move_robot/install/move_robot/share/move_robot/package.zsh'
[0.725s] Level 1:colcon.colcon_core.environment:create_file_with_runtime_dependencies(/home/bigchungus/ros2_iron_ws/src/move_robot/install/move_robot/share/colcon-core/packages/move_robot)
[0.726s] DEBUG:colcon.colcon_parallel_executor.executor.parallel:closing loop
[0.726s] DEBUG:colcon.colcon_parallel_executor.executor.parallel:loop closed
[0.726s] DEBUG:colcon.colcon_parallel_executor.executor.parallel:run_until_complete finished with '0'
[0.726s] DEBUG:colcon.colcon_core.event_reactor:joining thread
[0.743s] INFO:colcon.colcon_core.plugin_system:Skipping extension 'colcon_notification.desktop_notification.notify_send': Could not find 'notify-send'
[0.743s] INFO:colcon.colcon_core.plugin_system:Skipping extension 'colcon_notification.desktop_notification.terminal_notifier': Not used on non-Darwin systems
[0.743s] INFO:colcon.colcon_core.plugin_system:Skipping extension 'colcon_notification.desktop_notification.win32': Not used on non-Windows systems
[0.743s] INFO:colcon.colcon_notification.desktop_notification:Sending desktop notification using 'notify2'
[0.743s] DEBUG:colcon.colcon_notification.desktop_notification.notify2:Failed to initialize notify2: org.freedesktop.DBus.Error.ServiceUnknown: The name org.freedesktop.Notifications was not provided by any .service files
[0.744s] DEBUG:colcon.colcon_core.event_reactor:joined thread
[0.744s] INFO:colcon.colcon_core.shell:Creating prefix script '/home/bigchungus/ros2_iron_ws/src/move_robot/install/local_setup.ps1'
[0.744s] INFO:colcon.colcon_core.shell:Creating prefix util module '/home/bigchungus/ros2_iron_ws/src/move_robot/install/_local_setup_util_ps1.py'
[0.745s] INFO:colcon.colcon_core.shell:Creating prefix chain script '/home/bigchungus/ros2_iron_ws/src/move_robot/install/setup.ps1'
[0.746s] INFO:colcon.colcon_core.shell:Creating prefix script '/home/bigchungus/ros2_iron_ws/src/move_robot/install/local_setup.sh'
[0.746s] INFO:colcon.colcon_core.shell:Creating prefix util module '/home/bigchungus/ros2_iron_ws/src/move_robot/install/_local_setup_util_sh.py'
[0.746s] INFO:colcon.colcon_core.shell:Creating prefix chain script '/home/bigchungus/ros2_iron_ws/src/move_robot/install/setup.sh'
[0.747s] INFO:colcon.colcon_core.shell:Creating prefix script '/home/bigchungus/ros2_iron_ws/src/move_robot/install/local_setup.bash'
[0.747s] INFO:colcon.colcon_core.shell:Creating prefix chain script '/home/bigchungus/ros2_iron_ws/src/move_robot/install/setup.bash'
[0.747s] INFO:colcon.colcon_core.shell:Creating prefix script '/home/bigchungus/ros2_iron_ws/src/move_robot/install/local_setup.zsh'
[0.748s] INFO:colcon.colcon_core.shell:Creating prefix chain script '/home/bigchungus/ros2_iron_ws/src/move_robot/install/setup.zsh'
