running egg_info
writing build/move_robot/move_robot.egg-info/PKG-INFO
writing dependency_links to build/move_robot/move_robot.egg-info/dependency_links.txt
writing entry points to build/move_robot/move_robot.egg-info/entry_points.txt
writing requirements to build/move_robot/move_robot.egg-info/requires.txt
writing top-level names to build/move_robot/move_robot.egg-info/top_level.txt
reading manifest file 'build/move_robot/move_robot.egg-info/SOURCES.txt'
writing manifest file 'build/move_robot/move_robot.egg-info/SOURCES.txt'
running build
running build_py
copying move_robot/move_robot.py -> /home/bigchungus/ros2_iron_ws/src/move_robot/build/move_robot/build/lib/move_robot
running install
running install_lib
copying /home/bigchungus/ros2_iron_ws/src/move_robot/build/move_robot/build/lib/move_robot/move_robot.py -> /home/bigchungus/ros2_iron_ws/src/move_robot/install/move_robot/lib/python3.10/site-packages/move_robot
byte-compiling /home/bigchungus/ros2_iron_ws/src/move_robot/install/move_robot/lib/python3.10/site-packages/move_robot/move_robot.py to move_robot.cpython-310.pyc
running install_data
running install_egg_info
removing '/home/bigchungus/ros2_iron_ws/src/move_robot/install/move_robot/lib/python3.10/site-packages/move_robot-0.0.0-py3.10.egg-info' (and everything under it)
Copying build/move_robot/move_robot.egg-info to /home/bigchungus/ros2_iron_ws/src/move_robot/install/move_robot/lib/python3.10/site-packages/move_robot-0.0.0-py3.10.egg-info
running install_scripts
Installing move_command script to /home/bigchungus/ros2_iron_ws/src/move_robot/install/move_robot/lib/move_robot
Installing move_robot script to /home/bigchungus/ros2_iron_ws/src/move_robot/install/move_robot/lib/move_robot
Installing spawn_entities script to /home/bigchungus/ros2_iron_ws/src/move_robot/install/move_robot/lib/move_robot
writing list of installed files to '/home/bigchungus/ros2_iron_ws/src/move_robot/build/move_robot/install.log'
